2018-03-17 13:21:36,102 - rendition_service - INFO - Start
2018-03-17 13:21:36,192 - rendition_service - INFO - Start
2018-03-17 13:21:36,197 - rendition_service - INFO - start cleanup job
2018-03-17 13:21:36,877 - rendition_service - INFO - Start
2018-03-17 13:21:36,960 - rendition_service - INFO - Start
2018-03-17 13:21:36,965 - rendition_service - INFO - start cleanup job
2018-03-17 13:21:56,185 - rendition_service - INFO - Start Cleanup {tmp_path}
2018-03-17 13:21:56,189 - rendition_service - DEBUG - 1521285759.pdf is 3557 s old 
2018-03-17 13:21:56,190 - rendition_service - INFO - 1521285759.pdf is expired i will delete it
2018-03-17 13:21:56,968 - rendition_service - INFO - Start Cleanup {tmp_path}
2018-03-17 13:21:56,971 - rendition_service - DEBUG - 1521285759.pdf is 3557 s old 
2018-03-17 13:21:56,972 - rendition_service - INFO - 1521285759.pdf is expired i will delete it
2018-03-17 13:22:16,186 - rendition_service - INFO - Start Cleanup {tmp_path}
2018-03-17 13:22:16,188 - rendition_service - DEBUG - 1521285759.pdf is 3577 s old 
2018-03-17 13:22:16,189 - rendition_service - INFO - 1521285759.pdf is expired i will delete it
2018-03-17 13:22:16,967 - rendition_service - INFO - Start Cleanup {tmp_path}
2018-03-17 13:22:16,971 - rendition_service - DEBUG - 1521285759.pdf is 3577 s old 
2018-03-17 13:22:16,972 - rendition_service - INFO - 1521285759.pdf is expired i will delete it
2018-03-17 13:22:22,886 - rendition_service - INFO - Start
2018-03-17 13:22:22,980 - rendition_service - INFO - Start
2018-03-17 13:22:22,985 - rendition_service - INFO - start cleanup job
2018-03-17 13:22:36,185 - rendition_service - INFO - Start Cleanup {tmp_path}
2018-03-17 13:22:36,188 - rendition_service - DEBUG - 1521285759.pdf is 3597 s old 
2018-03-17 13:22:36,190 - rendition_service - INFO - 1521285759.pdf is expired i will delete it
2018-03-17 13:22:42,980 - rendition_service - INFO - Start Cleanup {tmp_path}
2018-03-17 13:22:42,981 - rendition_service - DEBUG - 1521285759.pdf is 3603 s old 
2018-03-17 13:22:42,982 - rendition_service - INFO - 1521285759.pdf is expired it will deleted
2018-03-17 13:22:56,186 - rendition_service - INFO - Start Cleanup {tmp_path}
2018-03-17 13:22:56,187 - rendition_service - DEBUG - 1521285759.pdf is 3617 s old 
2018-03-17 13:22:56,189 - rendition_service - INFO - 1521285759.pdf is expired i will delete it
2018-03-17 13:24:48,824 - rendition_service - INFO - Start
2018-03-17 13:24:48,913 - rendition_service - INFO - Start
2018-03-17 13:24:48,918 - rendition_service - INFO - start cleanup job
2018-03-17 13:24:49,600 - rendition_service - INFO - Start
2018-03-17 13:24:49,682 - rendition_service - INFO - Start
2018-03-17 13:24:49,688 - rendition_service - INFO - start cleanup job
2018-03-17 13:25:08,907 - rendition_service - INFO - Start Cleanup {tmp_path}
2018-03-17 13:25:08,910 - rendition_service - DEBUG - 1521285759.pdf is 3749 s old 
2018-03-17 13:25:08,911 - rendition_service - INFO - 1521285759.pdf is expired it will deleted
2018-03-17 13:25:08,913 - rendition_service - DEBUG - 1521286055.jpg is 3453 s old 
2018-03-17 13:25:08,914 - rendition_service - INFO - 1521286055.jpg is expired it will deleted
2018-03-17 13:25:08,916 - rendition_service - DEBUG - 1521286151.jpg is 3357 s old 
2018-03-17 13:25:08,917 - rendition_service - INFO - 1521286151.jpg is expired it will deleted
2018-03-17 13:25:08,919 - rendition_service - DEBUG - 1521286151.pdf is 3357 s old 
2018-03-17 13:25:08,924 - rendition_service - INFO - 1521286151.pdf is expired it will deleted
2018-03-17 13:25:08,925 - rendition_service - DEBUG - 1521286582.jpg is 2926 s old 
2018-03-17 13:25:08,926 - rendition_service - INFO - 1521286582.jpg is expired it will deleted
2018-03-17 13:25:08,928 - rendition_service - DEBUG - 1521286679.jpg is 2829 s old 
2018-03-17 13:25:08,929 - rendition_service - INFO - 1521286679.jpg is expired it will deleted
2018-03-17 13:25:08,930 - rendition_service - DEBUG - 1521286766.jpg is 2742 s old 
2018-03-17 13:25:08,931 - rendition_service - INFO - 1521286766.jpg is expired it will deleted
2018-03-17 13:25:08,937 - rendition_service - DEBUG - 1521286766.pdf is 2742 s old 
2018-03-17 13:25:08,938 - rendition_service - INFO - 1521286766.pdf is expired it will deleted
2018-03-17 13:25:09,693 - rendition_service - INFO - Start Cleanup {tmp_path}
2018-03-17 13:25:28,908 - rendition_service - INFO - Start Cleanup {tmp_path}
2018-03-17 13:25:29,689 - rendition_service - INFO - Start Cleanup {tmp_path}
2018-03-17 13:25:48,908 - rendition_service - INFO - Start Cleanup {tmp_path}
2018-03-17 13:25:49,694 - rendition_service - INFO - Start Cleanup {tmp_path}
2018-03-17 13:26:08,908 - rendition_service - INFO - Start Cleanup {tmp_path}
2018-03-17 13:26:09,687 - rendition_service - INFO - Start Cleanup {tmp_path}
2018-03-17 13:26:28,908 - rendition_service - INFO - Start Cleanup {tmp_path}
2018-03-17 13:26:29,694 - rendition_service - INFO - Start Cleanup {tmp_path}
2018-03-17 13:26:37,009 - rendition_service - INFO - Start
2018-03-17 13:26:37,102 - rendition_service - INFO - Start
2018-03-17 13:26:37,108 - rendition_service - INFO - start cleanup job
2018-03-17 13:26:42,876 - rendition_service - INFO - Start
2018-03-17 13:26:42,961 - rendition_service - INFO - Start
2018-03-17 13:26:42,966 - rendition_service - INFO - start cleanup job
2018-03-17 13:27:02,961 - rendition_service - INFO - Start Cleanup {tmp_path}
2018-03-17 13:27:22,963 - rendition_service - INFO - Start Cleanup {tmp_path}
2018-03-17 13:27:42,962 - rendition_service - INFO - Start Cleanup {tmp_path}
2018-03-17 13:28:02,962 - rendition_service - INFO - Start Cleanup {tmp_path}
2018-03-17 13:28:22,962 - rendition_service - INFO - Start Cleanup {tmp_path}
2018-03-17 13:28:42,961 - rendition_service - INFO - Start Cleanup {tmp_path}
2018-03-17 13:29:02,963 - rendition_service - INFO - Start Cleanup {tmp_path}
2018-03-17 13:29:22,961 - rendition_service - INFO - Start Cleanup {tmp_path}
2018-03-17 13:29:42,961 - rendition_service - INFO - Start Cleanup {tmp_path}
2018-03-17 13:30:02,962 - rendition_service - INFO - Start Cleanup {tmp_path}
2018-03-17 13:30:22,961 - rendition_service - INFO - Start Cleanup {tmp_path}
2018-03-17 13:30:42,961 - rendition_service - INFO - Start Cleanup {tmp_path}
